Start testing: Jun 18 22:43 SE Asia Standard Time
----------------------------------------------------------
1/1 Testing: Lab3_Tests
1/1 Test: Lab3_Tests
Command: "E:/MatMaUngDung/Labs/Lab3_RSA_Hybrid/build/Release/catch2_test.exe"
Directory: E:/MatMaUngDung/Labs/Lab3_RSA_Hybrid
"Lab3_Tests" start time: Jun 18 22:43 SE Asia Standard Time
Output:
----------------------------------------------------------
Randomness seeded to: 4273888390
[INFO] RSA-3072 key pair generated successfully
[INFO] Public key: test_pub.pem
[INFO] Private key: test_priv.pem
[INFO] Metadata: test_meta.json
[INFO] Generated AES-256 key
[INFO] Wrapped AES key with RSA-OAEP-3072
[INFO] Encrypted 1024 bytes with AES-256-GCM
[INFO] Envelope saved to: test_kat_env_1.bin
[INFO] Loaded envelope from: test_kat_env_1.bin
[INFO] Unwrapped AES key with RSA-OAEP
[INFO] Decrypted 1024 bytes
[INFO] Output saved to: test_kat_out_1.bin
[INFO] Generated AES-256 key
[INFO] Wrapped AES key with RSA-OAEP-3072
[INFO] Encrypted 4096 bytes with AES-256-GCM
[INFO] Envelope saved to: test_kat_env_2.bin
[INFO] Loaded envelope from: test_kat_env_2.bin
[INFO] Unwrapped AES key with RSA-OAEP
[INFO] Decrypted 4096 bytes
[INFO] Output saved to: test_kat_out_2.bin
[INFO] Generated AES-256 key
[INFO] Wrapped AES key with RSA-OAEP-3072
[INFO] Encrypted 16384 bytes with AES-256-GCM
[INFO] Envelope saved to: test_kat_env_3.bin
[INFO] Loaded envelope from: test_kat_env_3.bin
[INFO] Unwrapped AES key with RSA-OAEP
[INFO] Decrypted 16384 bytes
[INFO] Output saved to: test_kat_out_3.bin
[INFO] Generated AES-256 key
[INFO] Wrapped AES key with RSA-OAEP-3072
[INFO] Encrypted 262144 bytes with AES-256-GCM
[INFO] Envelope saved to: test_kat_env_4.bin
[INFO] Loaded envelope from: test_kat_env_4.bin
[INFO] Unwrapped AES key with RSA-OAEP
[INFO] Decrypted 262144 bytes
[INFO] Output saved to: test_kat_out_4.bin
[INFO] Generated AES-256 key
[INFO] Wrapped AES key with RSA-OAEP-3072
[INFO] Encrypted 1048576 bytes with AES-256-GCM
[INFO] Envelope saved to: test_kat_env_5.bin
[INFO] Loaded envelope from: test_kat_env_5.bin
[INFO] Unwrapped AES key with RSA-OAEP
[INFO] Decrypted 1048576 bytes
[INFO] Output saved to: test_kat_out_5.bin
[INFO] Generated AES-256 key
[INFO] Wrapped AES key with RSA-OAEP-3072
[INFO] Encrypted 1024 bytes with AES-256-GCM
[INFO] Envelope saved to: test_kat_env_6.bin
[INFO] Loaded envelope from: test_kat_env_6.bin
[INFO] Unwrapped AES key with RSA-OAEP
[INFO] Decrypted 1024 bytes
[INFO] Output saved to: test_kat_out_6.bin
[INFO] Generated AES-256 key
[INFO] Wrapped AES key with RSA-OAEP-3072
[INFO] Encrypted 24 bytes with AES-256-GCM
[INFO] Envelope saved to: test_kat_env_7.bin
[INFO] Loaded envelope from: test_kat_env_7.bin
[INFO] Unwrapped AES key with RSA-OAEP
[INFO] Decrypted 24 bytes
[INFO] Output saved to: test_kat_out_7.bin

=== Hybrid Encryption KAT Summary ===
Passed: 7/7
[INFO] RSA-3072 key pair generated successfully
[INFO] Public key: test_pub.pem
[INFO] Private key: test_priv.pem
[INFO] Metadata: test_meta.json
[ERROR] RSA-OAEP decryption failed: invalid padding, wrong key, or wrong label
[INFO] RSA-3072 key pair generated successfully
[INFO] Public key: test_pub.pem
[INFO] Private key: test_priv.pem
[INFO] Metadata: test_meta.json
[ERROR] Invalid ciphertext length (expected 384, got 100)
[INFO] RSA-3072 key pair generated successfully
[INFO] Public key: test_pub.pem
[INFO] Private key: test_priv.pem
[INFO] Metadata: test_meta.json
[ERROR] Invalid PEM format in: no_header.pem
[ERROR] Invalid PEM format in: no_header.pem
[INFO] RSA-3072 key pair generated successfully
[INFO] Public key: test_hybwk_pub1.pem
[INFO] Private key: test_hybwk_priv1.pem
[INFO] Metadata: test_hybwk_meta1.json
[INFO] RSA-3072 key pair generated successfully
[INFO] Public key: test_hybwk_pub2.pem
[INFO] Private key: test_hybwk_priv2.pem
[INFO] Metadata: test_hybwk_meta2.json
[INFO] Generated AES-256 key
[INFO] Wrapped AES key with RSA-OAEP-3072
[INFO] Encrypted 512 bytes with AES-256-GCM
[INFO] Envelope saved to: test_envelope_wrong_key.bin
[INFO] Loaded envelope from: test_envelope_wrong_key.bin
[ERROR] RSA-OAEP decryption failed: invalid padding, wrong key, or wrong label
[INFO] RSA-3072 key pair generated successfully
[INFO] Public key: test_pub.pem
[INFO] Private key: test_priv.pem
[INFO] Metadata: test_meta.json
[ERROR] RSA-OAEP decryption failed: invalid padding, wrong key, or wrong label
[INFO] RSA-3072 key pair generated successfully
[INFO] Public key: test_pub.pem
[INFO] Private key: test_priv.pem
[INFO] Metadata: test_meta.json
[INFO] RSA-3072 key pair generated successfully
[INFO] Public key: test_pub.pem
[INFO] Private key: test_priv.pem
[INFO] Metadata: test_meta.json
[INFO] Generated AES-256 key
[INFO] Wrapped AES key with RSA-OAEP-3072
[INFO] Encrypted 1048576 bytes with AES-256-GCM
[INFO] Envelope saved to: test_envelope_1mb.bin
[INFO] Loaded envelope from: test_envelope_1mb.bin
[INFO] Unwrapped AES key with RSA-OAEP
[INFO] Decrypted 1048576 bytes
[INFO] Output saved to: test_output_1mb.bin
[INFO] RSA-3072 key pair generated successfully
[INFO] Public key: test_pub.pem
[INFO] Private key: test_priv.pem
[INFO] Metadata: test_meta.json
[INFO] RSA-3072 key pair generated successfully
[INFO] Public key: test_pub.pem
[INFO] Private key: test_priv.pem
[INFO] Metadata: test_meta.json
[INFO] Generated AES-256 key
[INFO] Wrapped AES key with RSA-OAEP-3072
[INFO] Encrypted 1024 bytes with AES-256-GCM
[INFO] Envelope saved to: test_header_tamper.bin
[INFO] Loaded envelope from: test_header_tamper.bin
[INFO] Unwrapped AES key with RSA-OAEP
[ERROR] AES-GCM authentication failed: tampered ciphertext or wrong key
[INFO] RSA-3072 key pair generated successfully
[INFO] Public key: test_pub.pem
[INFO] Private key: test_priv.pem
[INFO] Metadata: test_meta.json
[INFO] RSA-3072 key pair generated successfully
[INFO] Public key: test_pub.pem
[INFO] Private key: test_priv.pem
[INFO] Metadata: test_meta.json

=== RSA-OAEP KAT Summary ===
Passed: 5/5
[INFO] RSA-3072 key pair generated successfully
[INFO] Public key: test_pub.pem
[INFO] Private key: test_priv.pem
[INFO] Metadata: test_meta.json
[INFO] Generated AES-256 key
[INFO] Wrapped AES key with RSA-OAEP-3072
[INFO] Encrypted 1024 bytes with AES-256-GCM
[INFO] Envelope saved to: test_envelope_tampered.bin
[INFO] Loaded envelope from: test_envelope_tampered.bin
[INFO] Unwrapped AES key with RSA-OAEP
[ERROR] AES-GCM authentication failed: tampered ciphertext or wrong key
[INFO] RSA-3072 key pair generated successfully
[INFO] Public key: test_pub.pem
[INFO] Private key: test_priv.pem
[INFO] Metadata: test_meta.json
[INFO] RSA-3072 key pair generated successfully
[INFO] Public key: test_pub.pem
[INFO] Private key: test_priv.pem
[INFO] Metadata: test_meta.json
[INFO] Generated AES-256 key
[INFO] Wrapped AES key with RSA-OAEP-3072
[INFO] Encrypted 14 bytes with AES-256-GCM
[INFO] Envelope saved to: test_envelope_aad.bin
[INFO] Loaded envelope from: test_envelope_aad.bin
[INFO] Unwrapped AES key with RSA-OAEP
[INFO] Decrypted 14 bytes
[INFO] Output saved to: test_output_aad.bin
[INFO] RSA-3072 key pair generated successfully
[INFO] Public key: test_wrongkey_pub1.pem
[INFO] Private key: test_wrongkey_priv1.pem
[INFO] Metadata: test_wrongkey_meta1.json
[INFO] RSA-3072 key pair generated successfully
[INFO] Public key: test_wrongkey_pub2.pem
[INFO] Private key: test_wrongkey_priv2.pem
[INFO] Metadata: test_wrongkey_meta2.json
[ERROR] RSA-OAEP decryption failed: invalid padding, wrong key, or wrong label
[INFO] RSA-3072 key pair generated successfully
[INFO] Public key: test_pub.pem
[INFO] Private key: test_priv.pem
[INFO] Metadata: test_meta.json
[INFO] Generated AES-256 key
[INFO] Wrapped AES key with RSA-OAEP-3072
[INFO] Encrypted 1024 bytes with AES-256-GCM
[INFO] Envelope saved to: test_envelope.bin
[INFO] Loaded envelope from: test_envelope.bin
[INFO] Unwrapped AES key with RSA-OAEP
[INFO] Decrypted 1024 bytes
[INFO] Output saved to: test_output.bin
[INFO] RSA-3072 key pair generated successfully
[INFO] Public key: test_pub.pem
[INFO] Private key: test_priv.pem
[INFO] Metadata: test_meta.json
[INFO] Generated AES-256 key
[INFO] Wrapped AES key with RSA-OAEP-3072
[INFO] Encrypted 2048 bytes with AES-256-GCM
[INFO] Envelope saved to: test_label_env.bin
[INFO] Loaded envelope from: test_label_env.bin
[ERROR] RSA-OAEP decryption failed: invalid padding, wrong key, or wrong label
[INFO] RSA-3072 key pair generated successfully
[INFO] Public key: test_pub.pem
[INFO] Private key: test_priv.pem
[INFO] Metadata: test_meta.json
[ERROR] Plaintext too large for direct RSA encryption (319 > 318 bytes). Use hybrid mode.
[ERROR] RSA modulus must be >= 3072 bits (got 2048)
[ERROR] RSA modulus must be >= 3072 bits (got 1024)
===============================================================================
All tests passed (43 assertions in 27 test cases)

<end of output>
Test time =   8.99 sec
----------------------------------------------------------
Test Passed.
"Lab3_Tests" end time: Jun 18 22:43 SE Asia Standard Time
"Lab3_Tests" time elapsed: 00:00:08
----------------------------------------------------------

End testing: Jun 18 22:43 SE Asia Standard Time
