Start testing: Jun 18 19:29 +07
----------------------------------------------------------
1/1 Testing: aestool_unit_tests
1/1 Test: aestool_unit_tests
Command: "/e/MatMaUngDung/Labs/Lab1_Symmetric/build/aestool_tests.exe"
Directory: /e/MatMaUngDung/Labs/Lab1_Symmetric/build
"aestool_unit_tests" start time: Jun 18 19:29 +07
Output:
----------------------------------------------------------
Randomness seeded to: 1464594999
[PASS] AES-CCM Encrypt/Decrypt Roundtrip
[PASS] NIST SP 800-38A F.4.5 OFB-AES256 Encrypt
[PASS] Invalid Key Size Rejected
[PASS] IV Length Enforcement
[PASS] AES-XTS Encrypt/Decrypt Roundtrip (AES-256-XTS)
[WARNING] ECB mode is insecure and should not be used for real data.
[WARNING] ECB mode is insecure and should not be used for real data.
[PASS] NIST SP 800-38A F.1.1 ECB-AES128 Encrypt (single block)
[PASS] OFB Encrypt/Decrypt Roundtrip
[PASS] NIST SP 800-38A F.2.1 CBC-AES128 Encrypt
[PASS] NIST SP 800-38A F.3.17 CFB128-AES256 Encrypt
[PASS] NIST GCM TC4 - plaintext + AAD
[PASS] AES-CCM Tampered tag rejected
[PASS] GCM AEAD Negative Tests
[PASS] CTR Wrong IV -> Wrong Plaintext
[PASS] CTR Encryption/Decryption Roundtrip
[PASS] NIST SP 800-38A F.5.5 CTR-AES256 Encrypt
[WARNING] ECB mode is insecure and should not be used for real data.
[WARNING] ECB mode is insecure and should not be used for real data.
[WARNING] ECB mode is insecure and should not be used for real data.
[PASS] AES ECB Mode Restrictions
[PASS] NIST SP 800-38A F.5.1 CTR-AES128 Encrypt
[PASS] NIST GCM TC1 - empty plaintext, empty AAD
[PASS] NIST SP 800-38A F.4.1 OFB-AES128 Encrypt
[PASS] NIST SP 800-38A F.3.13 CFB128-AES128 Encrypt
[PASS] NIST GCM TC2 - plaintext only, no AAD
[PASS] NIST SP 800-38A F.2.5 CBC-AES256 Encrypt
[PASS] AEAD flag enforcement
[PASS] CBC Non-AEAD Negative Tests
[PASS] NIST GCM TC3 - full plaintext, no AAD
===============================================================================
All tests passed (60 assertions in 25 test cases)

<end of output>
Test time =   0.11 sec
----------------------------------------------------------
Test Passed.
"aestool_unit_tests" end time: Jun 18 19:29 +07
"aestool_unit_tests" time elapsed: 00:00:00
----------------------------------------------------------

End testing: Jun 18 19:29 +07
